1641420411723	geckodriver	INFO	Listening on 127.0.0.1:62773
1641420412258	mozrunner::runner	INFO	Running command: "/Applications/Firefox.app/Contents/MacOS/firefox-bin" "--marionette" "--headless" "--remote-debugging-port" "62774" "-foreground" "-no-remote" "-profile" "/var/folders/3p/2k1jd7nj1qd43lp2j6v2_1hh0000gn/T/rust_mozprofileTj57jU"
*** You are running in headless mode.
1641420413736	Marionette	INFO	Marionette enabled
[GFX1-]: RenderCompositorSWGL failed mapping default framebuffer, no dt
console.warn: SearchSettings: "get: No settings file exists, new profile?" (new NotFoundError("Could not open the file at /var/folders/3p/2k1jd7nj1qd43lp2j6v2_1hh0000gn/T/rust_mozprofileTj57jU/search.json.mozlz4", (void 0)))
console.error: BackgroundUpdate: 
  _reasonsToNotScheduleUpdates: Failed to check for Maintenance Service Registry Key: [Exception... "Component returned failure code: 0x80004001 (NS_ERROR_NOT_IMPLEMENTED) [nsIUpdateProcessor.getServiceRegKeyExists]"  nsresult: "0x80004001 (NS_ERROR_NOT_IMPLEMENTED)"  location: "JS frame :: resource://gre/modules/BackgroundUpdate.jsm :: _reasonsToNotScheduleUpdates :: line 243"  data: no]
DevTools listening on ws://localhost:62774/devtools/browser/ac8bfc1b-883f-8e46-b94d-5d3f5f6b29ea
1641420415818	Marionette	INFO	Listening on port 62781
1641420415851	RemoteAgent	WARN	TLS certificate errors will be ignored for this session
1641420420213	Marionette	INFO	Stopped listening on port 62781
JavaScript error: resource:///modules/PermissionUI.jsm, line 510: TypeError: chromeWin is null

###!!! [Parent][RunMessage] Error: Channel closing: too late to send/recv, messages will be lost

1641421921016	geckodriver	INFO	Listening on 127.0.0.1:52087
1641421921536	mozrunner::runner	INFO	Running command: "/Applications/Firefox.app/Contents/MacOS/firefox-bin" "--marionette" "--headless" "--remote-debugging-port" "52088" "-foreground" "-no-remote" "-profile" "/var/folders/3p/2k1jd7nj1qd43lp2j6v2_1hh0000gn/T/rust_mozprofiletAfp6L"
*** You are running in headless mode.
1641421922934	Marionette	INFO	Marionette enabled
[GFX1-]: RenderCompositorSWGL failed mapping default framebuffer, no dt
console.warn: SearchSettings: "get: No settings file exists, new profile?" (new NotFoundError("Could not open the file at /var/folders/3p/2k1jd7nj1qd43lp2j6v2_1hh0000gn/T/rust_mozprofiletAfp6L/search.json.mozlz4", (void 0)))
console.error: BackgroundUpdate: 
  _reasonsToNotScheduleUpdates: Failed to check for Maintenance Service Registry Key: [Exception... "Component returned failure code: 0x80004001 (NS_ERROR_NOT_IMPLEMENTED) [nsIUpdateProcessor.getServiceRegKeyExists]"  nsresult: "0x80004001 (NS_ERROR_NOT_IMPLEMENTED)"  location: "JS frame :: resource://gre/modules/BackgroundUpdate.jsm :: _reasonsToNotScheduleUpdates :: line 243"  data: no]
DevTools listening on ws://localhost:52088/devtools/browser/0709e46f-8e36-4645-834f-3b031a1a9f17
1641421924881	Marionette	INFO	Listening on port 52099
1641421924904	RemoteAgent	WARN	TLS certificate errors will be ignored for this session
JavaScript warning: https://www.redditstatic.com/accountmanager/ssoOneTap.2e19bfdcbac4b3db012d.js, line 1: unreachable code after return statement
1641422043240	geckodriver	INFO	Listening on 127.0.0.1:52709
1641422043765	mozrunner::runner	INFO	Running command: "/Applications/Firefox.app/Contents/MacOS/firefox-bin" "--marionette" "--headless" "--remote-debugging-port" "52710" "-foreground" "-no-remote" "-profile" "/var/folders/3p/2k1jd7nj1qd43lp2j6v2_1hh0000gn/T/rust_mozprofilejAavIO"
*** You are running in headless mode.
1641422044396	Marionette	INFO	Marionette enabled
[GFX1-]: RenderCompositorSWGL failed mapping default framebuffer, no dt
console.warn: SearchSettings: "get: No settings file exists, new profile?" (new NotFoundError("Could not open the file at /var/folders/3p/2k1jd7nj1qd43lp2j6v2_1hh0000gn/T/rust_mozprofilejAavIO/search.json.mozlz4", (void 0)))
console.error: BackgroundUpdate: 
  _reasonsToNotScheduleUpdates: Failed to check for Maintenance Service Registry Key: [Exception... "Component returned failure code: 0x80004001 (NS_ERROR_NOT_IMPLEMENTED) [nsIUpdateProcessor.getServiceRegKeyExists]"  nsresult: "0x80004001 (NS_ERROR_NOT_IMPLEMENTED)"  location: "JS frame :: resource://gre/modules/BackgroundUpdate.jsm :: _reasonsToNotScheduleUpdates :: line 243"  data: no]
DevTools listening on ws://localhost:52710/devtools/browser/fdc8c25f-add1-0a41-b9e2-764268724eaa
1641422046136	Marionette	INFO	Listening on port 52721
1641422046174	RemoteAgent	WARN	TLS certificate errors will be ignored for this session
JavaScript warning: https://www.redditstatic.com/accountmanager/ssoOneTap.2e19bfdcbac4b3db012d.js, line 1: unreachable code after return statement
1641422137677	geckodriver	INFO	Listening on 127.0.0.1:53204
1641422138203	mozrunner::runner	INFO	Running command: "/Applications/Firefox.app/Contents/MacOS/firefox-bin" "--marionette" "--headless" "--remote-debugging-port" "53205" "-foreground" "-no-remote" "-profile" "/var/folders/3p/2k1jd7nj1qd43lp2j6v2_1hh0000gn/T/rust_mozprofileWoJZKq"
*** You are running in headless mode.
1641422138649	Marionette	INFO	Marionette enabled
[GFX1-]: RenderCompositorSWGL failed mapping default framebuffer, no dt
console.warn: SearchSettings: "get: No settings file exists, new profile?" (new NotFoundError("Could not open the file at /var/folders/3p/2k1jd7nj1qd43lp2j6v2_1hh0000gn/T/rust_mozprofileWoJZKq/search.json.mozlz4", (void 0)))
console.error: BackgroundUpdate: 
  _reasonsToNotScheduleUpdates: Failed to check for Maintenance Service Registry Key: [Exception... "Component returned failure code: 0x80004001 (NS_ERROR_NOT_IMPLEMENTED) [nsIUpdateProcessor.getServiceRegKeyExists]"  nsresult: "0x80004001 (NS_ERROR_NOT_IMPLEMENTED)"  location: "JS frame :: resource://gre/modules/BackgroundUpdate.jsm :: _reasonsToNotScheduleUpdates :: line 243"  data: no]
DevTools listening on ws://localhost:53205/devtools/browser/01ae89c5-3582-6045-bf81-6331b690456a
1641422140160	Marionette	INFO	Listening on port 53216
1641422140211	RemoteAgent	WARN	TLS certificate errors will be ignored for this session
1641422144504	Marionette	INFO	Stopped listening on port 53216
JavaScript error: resource:///modules/PermissionUI.jsm, line 510: TypeError: chromeWin is null

###!!! [Parent][RunMessage] Error: Channel closing: too late to send/recv, messages will be lost

[ERROR osclientcerts_static] ThreadId(9) C_FindObjectsInit: CKR_ARGUMENTS_BAD: ExternalError at security/manager/ssl/osclientcerts/src/backend_macos.rs:921 (-25300)
console.log: WebExtensions: reset-default-search: starting.
console.log: WebExtensions: reset-default-search: No addons in our list are installed.
[ERROR osclientcerts_static] ThreadId(10) C_FindObjectsInit: CKR_ARGUMENTS_BAD: ExternalError at security/manager/ssl/osclientcerts/src/backend_macos.rs:921 (-25300)
console.log: WebExtensions: reset-default-search: starting.
console.log: WebExtensions: reset-default-search: No addons in our list are installed.
1641435812467	geckodriver	INFO	Listening on 127.0.0.1:62795
1641435812992	mozrunner::runner	INFO	Running command: "/Applications/Firefox.app/Contents/MacOS/firefox-bin" "--marionette" "--headless" "--remote-debugging-port" "62796" "-foreground" "-no-remote" "-profile" "/var/folders/3p/2k1jd7nj1qd43lp2j6v2_1hh0000gn/T/rust_mozprofileMZbrHR"
*** You are running in headless mode.
1641435814422	Marionette	INFO	Marionette enabled
[GFX1-]: RenderCompositorSWGL failed mapping default framebuffer, no dt
console.warn: SearchSettings: "get: No settings file exists, new profile?" (new NotFoundError("Could not open the file at /var/folders/3p/2k1jd7nj1qd43lp2j6v2_1hh0000gn/T/rust_mozprofileMZbrHR/search.json.mozlz4", (void 0)))
console.error: BackgroundUpdate: 
  _reasonsToNotScheduleUpdates: Failed to check for Maintenance Service Registry Key: [Exception... "Component returned failure code: 0x80004001 (NS_ERROR_NOT_IMPLEMENTED) [nsIUpdateProcessor.getServiceRegKeyExists]"  nsresult: "0x80004001 (NS_ERROR_NOT_IMPLEMENTED)"  location: "JS frame :: resource://gre/modules/BackgroundUpdate.jsm :: _reasonsToNotScheduleUpdates :: line 243"  data: no]
DevTools listening on ws://localhost:62796/devtools/browser/848eeb7f-20a2-894b-806a-a48d5a6016b2
1641435817422	Marionette	INFO	Listening on port 62803
1641435817875	RemoteAgent	WARN	TLS certificate errors will be ignored for this session
1641435826392	Marionette	INFO	Stopped listening on port 62803
JavaScript error: https://secure.quantserve.com/aquant.js?a=p-xLEyC0FLYFXAH, line 2: NS_ERROR_UNEXPECTED: 

###!!! [Parent][RunMessage] Error: Channel closing: too late to send/recv, messages will be lost

1641436371440	geckodriver	INFO	Listening on 127.0.0.1:65227
1641436371958	mozrunner::runner	INFO	Running command: "/Applications/Firefox.app/Contents/MacOS/firefox-bin" "--marionette" "--headless" "--remote-debugging-port" "65228" "-foreground" "-no-remote" "-profile" "/var/folders/3p/2k1jd7nj1qd43lp2j6v2_1hh0000gn/T/rust_mozprofileOXOZcs"
*** You are running in headless mode.
1641436373315	Marionette	INFO	Marionette enabled
[GFX1-]: RenderCompositorSWGL failed mapping default framebuffer, no dt
console.warn: SearchSettings: "get: No settings file exists, new profile?" (new NotFoundError("Could not open the file at /var/folders/3p/2k1jd7nj1qd43lp2j6v2_1hh0000gn/T/rust_mozprofileOXOZcs/search.json.mozlz4", (void 0)))
console.error: BackgroundUpdate: 
  _reasonsToNotScheduleUpdates: Failed to check for Maintenance Service Registry Key: [Exception... "Component returned failure code: 0x80004001 (NS_ERROR_NOT_IMPLEMENTED) [nsIUpdateProcessor.getServiceRegKeyExists]"  nsresult: "0x80004001 (NS_ERROR_NOT_IMPLEMENTED)"  location: "JS frame :: resource://gre/modules/BackgroundUpdate.jsm :: _reasonsToNotScheduleUpdates :: line 243"  data: no]
DevTools listening on ws://localhost:65228/devtools/browser/624f4ce1-6cf6-934b-967b-50ad443102b9
1641436375345	Marionette	INFO	Listening on port 65239
1641436375414	RemoteAgent	WARN	TLS certificate errors will be ignored for this session
1641436439222	geckodriver	INFO	Listening on 127.0.0.1:49254
1641436439744	mozrunner::runner	INFO	Running command: "/Applications/Firefox.app/Contents/MacOS/firefox-bin" "--marionette" "--headless" "--remote-debugging-port" "49255" "-foreground" "-no-remote" "-profile" "/var/folders/3p/2k1jd7nj1qd43lp2j6v2_1hh0000gn/T/rust_mozprofile9gTijJ"
*** You are running in headless mode.
1641436440400	Marionette	INFO	Marionette enabled
[GFX1-]: RenderCompositorSWGL failed mapping default framebuffer, no dt
console.warn: SearchSettings: "get: No settings file exists, new profile?" (new NotFoundError("Could not open the file at /var/folders/3p/2k1jd7nj1qd43lp2j6v2_1hh0000gn/T/rust_mozprofile9gTijJ/search.json.mozlz4", (void 0)))
console.error: BackgroundUpdate: 
  _reasonsToNotScheduleUpdates: Failed to check for Maintenance Service Registry Key: [Exception... "Component returned failure code: 0x80004001 (NS_ERROR_NOT_IMPLEMENTED) [nsIUpdateProcessor.getServiceRegKeyExists]"  nsresult: "0x80004001 (NS_ERROR_NOT_IMPLEMENTED)"  location: "JS frame :: resource://gre/modules/BackgroundUpdate.jsm :: _reasonsToNotScheduleUpdates :: line 243"  data: no]
DevTools listening on ws://localhost:49255/devtools/browser/059d5bde-61f2-cd47-8ed7-1d377afbd851
1641436441919	Marionette	INFO	Listening on port 49262
1641436441949	RemoteAgent	WARN	TLS certificate errors will be ignored for this session
1641436449354	Marionette	INFO	Stopped listening on port 49262
JavaScript error: resource://gre/modules/AsyncShutdown.jsm, line 718: Error: Phase "Sqlite.jsm: wait until all connections are closed" is finished, it is too late to register completion condition "protections.sqlite#0: waiting for shutdown"
[ERROR osclientcerts_static] ThreadId(10) C_FindObjectsInit: CKR_ARGUMENTS_BAD: ExternalError at security/manager/ssl/osclientcerts/src/backend_macos.rs:921 (-25300)
console.log: WebExtensions: reset-default-search: starting.
console.log: WebExtensions: reset-default-search: No addons in our list are installed.
1641437150937	geckodriver	INFO	Listening on 127.0.0.1:49970
1641437151483	mozrunner::runner	INFO	Running command: "/Applications/Firefox.app/Contents/MacOS/firefox-bin" "--marionette" "--headless" "--remote-debugging-port" "49971" "-foreground" "-no-remote" "-profile" "/var/folders/3p/2k1jd7nj1qd43lp2j6v2_1hh0000gn/T/rust_mozprofile9FqD5E"
*** You are running in headless mode.
1641437152730	Marionette	INFO	Marionette enabled
[GFX1-]: RenderCompositorSWGL failed mapping default framebuffer, no dt
console.warn: SearchSettings: "get: No settings file exists, new profile?" (new NotFoundError("Could not open the file at /var/folders/3p/2k1jd7nj1qd43lp2j6v2_1hh0000gn/T/rust_mozprofile9FqD5E/search.json.mozlz4", (void 0)))
console.error: BackgroundUpdate: 
  _reasonsToNotScheduleUpdates: Failed to check for Maintenance Service Registry Key: [Exception... "Component returned failure code: 0x80004001 (NS_ERROR_NOT_IMPLEMENTED) [nsIUpdateProcessor.getServiceRegKeyExists]"  nsresult: "0x80004001 (NS_ERROR_NOT_IMPLEMENTED)"  location: "JS frame :: resource://gre/modules/BackgroundUpdate.jsm :: _reasonsToNotScheduleUpdates :: line 243"  data: no]
DevTools listening on ws://localhost:49971/devtools/browser/be7484d8-bdbf-a94b-b7c5-5b5a7642b830
1641437154699	Marionette	INFO	Listening on port 49978
1641437154729	RemoteAgent	WARN	TLS certificate errors will be ignored for this session
1641437222346	geckodriver	INFO	Listening on 127.0.0.1:50095
1641437222871	mozrunner::runner	INFO	Running command: "/Applications/Firefox.app/Contents/MacOS/firefox-bin" "--marionette" "--headless" "--remote-debugging-port" "50096" "-foreground" "-no-remote" "-profile" "/var/folders/3p/2k1jd7nj1qd43lp2j6v2_1hh0000gn/T/rust_mozprofilefRCefz"
*** You are running in headless mode.
1641437223312	Marionette	INFO	Marionette enabled
[GFX1-]: RenderCompositorSWGL failed mapping default framebuffer, no dt
console.warn: SearchSettings: "get: No settings file exists, new profile?" (new NotFoundError("Could not open the file at /var/folders/3p/2k1jd7nj1qd43lp2j6v2_1hh0000gn/T/rust_mozprofilefRCefz/search.json.mozlz4", (void 0)))
console.error: BackgroundUpdate: 
  _reasonsToNotScheduleUpdates: Failed to check for Maintenance Service Registry Key: [Exception... "Component returned failure code: 0x80004001 (NS_ERROR_NOT_IMPLEMENTED) [nsIUpdateProcessor.getServiceRegKeyExists]"  nsresult: "0x80004001 (NS_ERROR_NOT_IMPLEMENTED)"  location: "JS frame :: resource://gre/modules/BackgroundUpdate.jsm :: _reasonsToNotScheduleUpdates :: line 243"  data: no]
DevTools listening on ws://localhost:50096/devtools/browser/253b939e-2e85-0949-837b-4a62afa75783
1641437224824	Marionette	INFO	Listening on port 50103
1641437224852	RemoteAgent	WARN	TLS certificate errors will be ignored for this session
1641437390076	geckodriver	INFO	Listening on 127.0.0.1:50219
1641437390595	mozrunner::runner	INFO	Running command: "/Applications/Firefox.app/Contents/MacOS/firefox-bin" "--marionette" "--headless" "--remote-debugging-port" "50220" "-foreground" "-no-remote" "-profile" "/var/folders/3p/2k1jd7nj1qd43lp2j6v2_1hh0000gn/T/rust_mozprofileI1ASvz"
*** You are running in headless mode.
1641437392014	Marionette	INFO	Marionette enabled
[GFX1-]: RenderCompositorSWGL failed mapping default framebuffer, no dt
console.warn: SearchSettings: "get: No settings file exists, new profile?" (new NotFoundError("Could not open the file at /var/folders/3p/2k1jd7nj1qd43lp2j6v2_1hh0000gn/T/rust_mozprofileI1ASvz/search.json.mozlz4", (void 0)))
console.error: BackgroundUpdate: 
  _reasonsToNotScheduleUpdates: Failed to check for Maintenance Service Registry Key: [Exception... "Component returned failure code: 0x80004001 (NS_ERROR_NOT_IMPLEMENTED) [nsIUpdateProcessor.getServiceRegKeyExists]"  nsresult: "0x80004001 (NS_ERROR_NOT_IMPLEMENTED)"  location: "JS frame :: resource://gre/modules/BackgroundUpdate.jsm :: _reasonsToNotScheduleUpdates :: line 243"  data: no]
DevTools listening on ws://localhost:50220/devtools/browser/560d0ab8-4df4-5f49-806d-e1e390f184bc
1641437394077	Marionette	INFO	Listening on port 50227
1641437394142	RemoteAgent	WARN	TLS certificate errors will be ignored for this session
JavaScript warning: https://www.redditstatic.com/accountmanager/ssoOneTap.2e19bfdcbac4b3db012d.js, line 1: unreachable code after return statement
1641437424246	geckodriver	INFO	Listening on 127.0.0.1:50352
1641437424779	mozrunner::runner	INFO	Running command: "/Applications/Firefox.app/Contents/MacOS/firefox-bin" "--marionette" "--headless" "--remote-debugging-port" "50353" "-foreground" "-no-remote" "-profile" "/var/folders/3p/2k1jd7nj1qd43lp2j6v2_1hh0000gn/T/rust_mozprofilex5gABz"
*** You are running in headless mode.
1641437425216	Marionette	INFO	Marionette enabled
[GFX1-]: RenderCompositorSWGL failed mapping default framebuffer, no dt
console.warn: SearchSettings: "get: No settings file exists, new profile?" (new NotFoundError("Could not open the file at /var/folders/3p/2k1jd7nj1qd43lp2j6v2_1hh0000gn/T/rust_mozprofilex5gABz/search.json.mozlz4", (void 0)))
console.error: BackgroundUpdate: 
  _reasonsToNotScheduleUpdates: Failed to check for Maintenance Service Registry Key: [Exception... "Component returned failure code: 0x80004001 (NS_ERROR_NOT_IMPLEMENTED) [nsIUpdateProcessor.getServiceRegKeyExists]"  nsresult: "0x80004001 (NS_ERROR_NOT_IMPLEMENTED)"  location: "JS frame :: resource://gre/modules/BackgroundUpdate.jsm :: _reasonsToNotScheduleUpdates :: line 243"  data: no]
DevTools listening on ws://localhost:50353/devtools/browser/863898c6-f1b1-6a44-8f7e-02456620146e
1641437426703	Marionette	INFO	Listening on port 50360
1641437426767	RemoteAgent	WARN	TLS certificate errors will be ignored for this session
1641437435848	Marionette	INFO	Stopped listening on port 50360
JavaScript error: https://secure.quantserve.com/aquant.js?a=p-xLEyC0FLYFXAH, line 2: NS_ERROR_UNEXPECTED: 

###!!! [Parent][RunMessage] Error: Channel closing: too late to send/recv, messages will be lost

1641437499173	geckodriver	INFO	Listening on 127.0.0.1:50468
1641437499703	mozrunner::runner	INFO	Running command: "/Applications/Firefox.app/Contents/MacOS/firefox-bin" "--marionette" "--headless" "--remote-debugging-port" "50469" "-foreground" "-no-remote" "-profile" "/var/folders/3p/2k1jd7nj1qd43lp2j6v2_1hh0000gn/T/rust_mozprofilezp5lvy"
*** You are running in headless mode.
1641437500160	Marionette	INFO	Marionette enabled
[GFX1-]: RenderCompositorSWGL failed mapping default framebuffer, no dt
console.warn: SearchSettings: "get: No settings file exists, new profile?" (new NotFoundError("Could not open the file at /var/folders/3p/2k1jd7nj1qd43lp2j6v2_1hh0000gn/T/rust_mozprofilezp5lvy/search.json.mozlz4", (void 0)))
console.error: BackgroundUpdate: 
  _reasonsToNotScheduleUpdates: Failed to check for Maintenance Service Registry Key: [Exception... "Component returned failure code: 0x80004001 (NS_ERROR_NOT_IMPLEMENTED) [nsIUpdateProcessor.getServiceRegKeyExists]"  nsresult: "0x80004001 (NS_ERROR_NOT_IMPLEMENTED)"  location: "JS frame :: resource://gre/modules/BackgroundUpdate.jsm :: _reasonsToNotScheduleUpdates :: line 243"  data: no]
DevTools listening on ws://localhost:50469/devtools/browser/8af94b29-d01b-a34f-b435-d54a5b8b1a04
1641437501908	Marionette	INFO	Listening on port 50476
1641437502009	RemoteAgent	WARN	TLS certificate errors will be ignored for this session
1641437509065	Marionette	INFO	Stopped listening on port 50476
JavaScript error: https://secure.quantserve.com/aquant.js?a=p-xLEyC0FLYFXAH, line 2: NS_ERROR_UNEXPECTED: 
[ERROR osclientcerts_static] ThreadId(9) C_FindObjectsInit: CKR_ARGUMENTS_BAD: ExternalError at security/manager/ssl/osclientcerts/src/backend_macos.rs:921 (-25300)
1641437546609	geckodriver	INFO	Listening on 127.0.0.1:50612
1641437547232	mozrunner::runner	INFO	Running command: "/Applications/Firefox.app/Contents/MacOS/firefox-bin" "--marionette" "--headless" "--remote-debugging-port" "50613" "-foreground" "-no-remote" "-profile" "/var/folders/3p/2k1jd7nj1qd43lp2j6v2_1hh0000gn/T/rust_mozprofile8jjF51"
*** You are running in headless mode.
1641437547888	Marionette	INFO	Marionette enabled
[GFX1-]: RenderCompositorSWGL failed mapping default framebuffer, no dt
console.warn: SearchSettings: "get: No settings file exists, new profile?" (new NotFoundError("Could not open the file at /var/folders/3p/2k1jd7nj1qd43lp2j6v2_1hh0000gn/T/rust_mozprofile8jjF51/search.json.mozlz4", (void 0)))
console.error: BackgroundUpdate: 
  _reasonsToNotScheduleUpdates: Failed to check for Maintenance Service Registry Key: [Exception... "Component returned failure code: 0x80004001 (NS_ERROR_NOT_IMPLEMENTED) [nsIUpdateProcessor.getServiceRegKeyExists]"  nsresult: "0x80004001 (NS_ERROR_NOT_IMPLEMENTED)"  location: "JS frame :: resource://gre/modules/BackgroundUpdate.jsm :: _reasonsToNotScheduleUpdates :: line 243"  data: no]
DevTools listening on ws://localhost:50613/devtools/browser/3e1c972c-5c26-fc4f-a254-0f889fc8be7c
1641437549558	Marionette	INFO	Listening on port 50626
1641437549639	RemoteAgent	WARN	TLS certificate errors will be ignored for this session
1641437556112	Marionette	INFO	Stopped listening on port 50626
[ERROR osclientcerts_static] ThreadId(12) C_FindObjectsInit: CKR_ARGUMENTS_BAD: ExternalError at security/manager/ssl/osclientcerts/src/backend_macos.rs:921 (-25300)
console.log: WebExtensions: reset-default-search: starting.
console.log: WebExtensions: reset-default-search: No addons in our list are installed.
console.log: WebExtensions: reset-default-search: starting.
console.log: WebExtensions: reset-default-search: No addons in our list are installed.
[ERROR osclientcerts_static] ThreadId(10) C_FindObjectsInit: CKR_ARGUMENTS_BAD: ExternalError at security/manager/ssl/osclientcerts/src/backend_macos.rs:921 (-25300)
console.log: WebExtensions: reset-default-search: starting.
console.log: WebExtensions: reset-default-search: No addons in our list are installed.
1641439187794	geckodriver	INFO	Listening on 127.0.0.1:51540
1641439188319	mozrunner::runner	INFO	Running command: "/Applications/Firefox.app/Contents/MacOS/firefox-bin" "--marionette" "--headless" "--remote-debugging-port" "51541" "-foreground" "-no-remote" "-profile" "/var/folders/3p/2k1jd7nj1qd43lp2j6v2_1hh0000gn/T/rust_mozprofileVCbg9A"
*** You are running in headless mode.
1641439189808	Marionette	INFO	Marionette enabled
[GFX1-]: RenderCompositorSWGL failed mapping default framebuffer, no dt
console.warn: SearchSettings: "get: No settings file exists, new profile?" (new NotFoundError("Could not open the file at /var/folders/3p/2k1jd7nj1qd43lp2j6v2_1hh0000gn/T/rust_mozprofileVCbg9A/search.json.mozlz4", (void 0)))
console.error: BackgroundUpdate: 
  _reasonsToNotScheduleUpdates: Failed to check for Maintenance Service Registry Key: [Exception... "Component returned failure code: 0x80004001 (NS_ERROR_NOT_IMPLEMENTED) [nsIUpdateProcessor.getServiceRegKeyExists]"  nsresult: "0x80004001 (NS_ERROR_NOT_IMPLEMENTED)"  location: "JS frame :: resource://gre/modules/BackgroundUpdate.jsm :: _reasonsToNotScheduleUpdates :: line 243"  data: no]
DevTools listening on ws://localhost:51541/devtools/browser/1c1134ba-eba5-664c-a566-b3f18841fee3
1641439191958	Marionette	INFO	Listening on port 51548
1641439191995	RemoteAgent	WARN	TLS certificate errors will be ignored for this session
1641439197158	Marionette	INFO	Stopped listening on port 51548
1641439242473	geckodriver	INFO	Listening on 127.0.0.1:51663
1641439242985	mozrunner::runner	INFO	Running command: "/Applications/Firefox.app/Contents/MacOS/firefox-bin" "--marionette" "--headless" "--remote-debugging-port" "51664" "-foreground" "-no-remote" "-profile" "/var/folders/3p/2k1jd7nj1qd43lp2j6v2_1hh0000gn/T/rust_mozprofilehvsqbW"
*** You are running in headless mode.
1641439244217	Marionette	INFO	Marionette enabled
[GFX1-]: RenderCompositorSWGL failed mapping default framebuffer, no dt
console.warn: SearchSettings: "get: No settings file exists, new profile?" (new NotFoundError("Could not open the file at /var/folders/3p/2k1jd7nj1qd43lp2j6v2_1hh0000gn/T/rust_mozprofilehvsqbW/search.json.mozlz4", (void 0)))
console.error: BackgroundUpdate: 
  _reasonsToNotScheduleUpdates: Failed to check for Maintenance Service Registry Key: [Exception... "Component returned failure code: 0x80004001 (NS_ERROR_NOT_IMPLEMENTED) [nsIUpdateProcessor.getServiceRegKeyExists]"  nsresult: "0x80004001 (NS_ERROR_NOT_IMPLEMENTED)"  location: "JS frame :: resource://gre/modules/BackgroundUpdate.jsm :: _reasonsToNotScheduleUpdates :: line 243"  data: no]
DevTools listening on ws://localhost:51664/devtools/browser/a25d6075-773f-f24e-981c-471bfc72b6cb
1641439246141	Marionette	INFO	Listening on port 51671
1641439246237	RemoteAgent	WARN	TLS certificate errors will be ignored for this session
1641439251457	Marionette	INFO	Stopped listening on port 51671

###!!! [Parent][RunMessage] Error: Channel closing: too late to send/recv, messages will be lost

1641439574970	geckodriver	INFO	Listening on 127.0.0.1:51791
1641439575506	mozrunner::runner	INFO	Running command: "/Applications/Firefox.app/Contents/MacOS/firefox-bin" "--marionette" "--headless" "--remote-debugging-port" "51792" "-foreground" "-no-remote" "-profile" "/var/folders/3p/2k1jd7nj1qd43lp2j6v2_1hh0000gn/T/rust_mozprofilezPaelI"
*** You are running in headless mode.
1641439577090	Marionette	INFO	Marionette enabled
[GFX1-]: RenderCompositorSWGL failed mapping default framebuffer, no dt
console.warn: SearchSettings: "get: No settings file exists, new profile?" (new NotFoundError("Could not open the file at /var/folders/3p/2k1jd7nj1qd43lp2j6v2_1hh0000gn/T/rust_mozprofilezPaelI/search.json.mozlz4", (void 0)))
console.error: BackgroundUpdate: 
  _reasonsToNotScheduleUpdates: Failed to check for Maintenance Service Registry Key: [Exception... "Component returned failure code: 0x80004001 (NS_ERROR_NOT_IMPLEMENTED) [nsIUpdateProcessor.getServiceRegKeyExists]"  nsresult: "0x80004001 (NS_ERROR_NOT_IMPLEMENTED)"  location: "JS frame :: resource://gre/modules/BackgroundUpdate.jsm :: _reasonsToNotScheduleUpdates :: line 243"  data: no]
DevTools listening on ws://localhost:51792/devtools/browser/e1d84f0b-88c7-dd49-b481-d0e442cfec32
1641439579223	Marionette	INFO	Listening on port 51799
1641439579278	RemoteAgent	WARN	TLS certificate errors will be ignored for this session
1641439584405	Marionette	INFO	Stopped listening on port 51799
1641439872931	geckodriver	INFO	Listening on 127.0.0.1:51919
1641439873460	mozrunner::runner	INFO	Running command: "/Applications/Firefox.app/Contents/MacOS/firefox-bin" "--marionette" "--headless" "--remote-debugging-port" "51920" "-foreground" "-no-remote" "-profile" "/var/folders/3p/2k1jd7nj1qd43lp2j6v2_1hh0000gn/T/rust_mozprofile6QouhH"
*** You are running in headless mode.
1641439874790	Marionette	INFO	Marionette enabled
[GFX1-]: RenderCompositorSWGL failed mapping default framebuffer, no dt
console.warn: SearchSettings: "get: No settings file exists, new profile?" (new NotFoundError("Could not open the file at /var/folders/3p/2k1jd7nj1qd43lp2j6v2_1hh0000gn/T/rust_mozprofile6QouhH/search.json.mozlz4", (void 0)))
console.error: BackgroundUpdate: 
  _reasonsToNotScheduleUpdates: Failed to check for Maintenance Service Registry Key: [Exception... "Component returned failure code: 0x80004001 (NS_ERROR_NOT_IMPLEMENTED) [nsIUpdateProcessor.getServiceRegKeyExists]"  nsresult: "0x80004001 (NS_ERROR_NOT_IMPLEMENTED)"  location: "JS frame :: resource://gre/modules/BackgroundUpdate.jsm :: _reasonsToNotScheduleUpdates :: line 243"  data: no]
DevTools listening on ws://localhost:51920/devtools/browser/f210baa6-0d49-9b49-859b-99c2f3a2af4f
1641439876742	Marionette	INFO	Listening on port 51927
1641439876812	RemoteAgent	WARN	TLS certificate errors will be ignored for this session
1641439881920	Marionette	INFO	Stopped listening on port 51927

###!!! [Parent][RunMessage] Error: Channel closing: too late to send/recv, messages will be lost

